INFO:sim:172 - Generating IP...
Resolving generics for 'rom'...
Applying external generics to 'rom'...
Delivering associated files for 'rom'...
Delivering EJava files for 'rom'...
Generating implementation netlist for 'rom'...
INFO:sim - Pre-processing HDL files for 'rom'...
Running synthesis for 'rom'
Running ngcbuild...
Writing VHO instantiation template for 'rom'...
Writing VHDL behavioral simulation model for 'rom'...
WARNING:sim - Overwriting existing file
   /home/vinicius/Documents/Projects/uRego/uc/ipcore_dir/tmp/_cg/rom/doc/blk_mem
   _gen_v7_3_vinfo.html with file from view xilinx_documentation
Delivered 1 file into directory
/home/vinicius/Documents/Projects/uRego/uc/ipcore_dir/tmp/_cg/rom
Generating ASY schematic symbol...
INFO:sim:949 - Finished generation of ASY schematic symbol.
Generating SYM schematic symbol for 'rom'...
Generating metadata file...
Generating ISE project file for 'rom'...
Generating ISE project...
XCO file found: rom.xco
XMDF file found: rom_xmdf.tcl
Adding /home/vinicius/Documents/Projects/uRego/uc/ipcore_dir/tmp/_cg/rom.asy
-view all -origin_type imported
Adding /home/vinicius/Documents/Projects/uRego/uc/ipcore_dir/tmp/_cg/rom.ngc
-view all -origin_type created
Checking file
"/home/vinicius/Documents/Projects/uRego/uc/ipcore_dir/tmp/_cg/rom.ngc" for
project device match ...
File "/home/vinicius/Documents/Projects/uRego/uc/ipcore_dir/tmp/_cg/rom.ngc"
device information matches project device.
Adding /home/vinicius/Documents/Projects/uRego/uc/ipcore_dir/tmp/_cg/rom.sym
-view all -origin_type imported
Adding /home/vinicius/Documents/Projects/uRego/uc/ipcore_dir/tmp/_cg/rom.vhd
-view all -origin_type created
INFO:HDLCompiler:1061 - Parsing VHDL file
   "/home/vinicius/Documents/Projects/uRego/uc/ipcore_dir/tmp/_cg/rom.vhd" into
   library work
INFO:ProjectMgmt - Parsing design hierarchy completed successfully.
Adding /home/vinicius/Documents/Projects/uRego/uc/ipcore_dir/tmp/_cg/rom.vho
-view all -origin_type imported
INFO:TclTasksC:2116 - The automatic calculation of top has been turned-off.
   Please set the new top explicitly by running the "project set top" command.
   To re-calculate the new top automatically, set the "Auto Implementation Top"
   property to true.
Top level has been set to "/rom"
Generating README file...
Generating FLIST file...
INFO:sim:948 - Finished FLIST file generation.
Launching README viewer...
Moving files to output directory...
Finished moving files to output directory
Wrote CGP file for project 'rom'.
